2022-12-01 11:52:43,376 INFO Starting Nacos v1.4.3 on QsL with PID 15696 (D:\JavaProjectIDEA\SpringCloudAlibabaStudy\nacos\target\nacos-server.jar started by Admin in D:\JavaProjectIDEA\SpringCloudAlibabaStudy\nacos)

2022-12-01 11:52:43,376 INFO The following profiles are active: standalone

2022-12-01 11:52:45,110 INFO Bean 'org.springframework.security.access.expression.method.DefaultMethodSecurityExpressionHandler@7dc3712' of type [org.springframework.security.access.expression.method.DefaultMethodSecurityExpressionHandler] is not eligible for getting processed by all BeanPostProcessors (for example: not eligible for auto-proxying)

2022-12-01 11:52:45,115 INFO Bean 'methodSecurityMetadataSource' of type [org.springframework.security.access.method.DelegatingMethodSecurityMetadataSource] is not eligible for getting processed by all BeanPostProcessors (for example: not eligible for auto-proxying)

2022-12-01 11:52:45,577 INFO Tomcat initialized with port(s): 8848 (http)

2022-12-01 11:52:45,612 INFO Starting service [Tomcat]

2022-12-01 11:52:45,612 INFO Starting Servlet engine: [Apache Tomcat/9.0.38]

2022-12-01 11:52:46,182 INFO At least one JAR was scanned for TLDs yet contained no TLDs. Enable debug logging for this logger for a complete list of JARs that were scanned but no TLDs were found in them. Skipping unneeded JARs during scanning can improve startup time and JSP compilation time.

2022-12-01 11:52:46,222 INFO Initializing Spring embedded WebApplicationContext

2022-12-01 11:52:46,222 INFO Root WebApplicationContext: initialization completed in 2794 ms

2022-12-01 11:52:46,605 INFO HikariPool-1 - Starting...

2022-12-01 11:52:46,606 WARN Registered driver with driverClassName=org.apache.derby.jdbc.EmbeddedDriver was not found, trying direct instantiation.

2022-12-01 11:52:46,971 INFO HikariPool-1 - Driver does not support get/set network timeout for connections. (Feature not implemented: No details.)

2022-12-01 11:52:46,973 INFO HikariPool-1 - Start completed.

2022-12-01 11:52:47,955 INFO Nacos-related cluster resource initialization

2022-12-01 11:52:47,962 INFO The cluster resource is initialized

2022-12-01 11:52:48,392 INFO Reflections took 38 ms to scan 1 urls, producing 4 keys and 6 values 

2022-12-01 11:52:48,416 INFO Reflections took 6 ms to scan 1 urls, producing 6 keys and 26 values 

2022-12-01 11:52:48,429 INFO Reflections took 4 ms to scan 1 urls, producing 3 keys and 15 values 

2022-12-01 11:52:48,437 INFO Reflections took 3 ms to scan 1 urls, producing 2 keys and 12 values 

2022-12-01 11:52:49,216 INFO Initializing ExecutorService 'applicationTaskExecutor'

2022-12-01 11:52:49,339 INFO Adding welcome page: class path resource [static/index.html]

2022-12-01 11:52:49,675 INFO Creating filter chain: Ant [pattern='/**'], []

2022-12-01 11:52:49,713 INFO Creating filter chain: any request, [org.springframework.security.web.context.request.async.WebAsyncManagerIntegrationFilter@2f7a7219, org.springframework.security.web.context.SecurityContextPersistenceFilter@2f162cc0, org.springframework.security.web.header.HeaderWriterFilter@493dfb8e, org.springframework.security.web.csrf.CsrfFilter@593e824f, org.springframework.security.web.authentication.logout.LogoutFilter@71c5b236, org.springframework.security.web.savedrequest.RequestCacheAwareFilter@7c041b41, org.springframework.security.web.servletapi.SecurityContextHolderAwareRequestFilter@1cb3ec38, org.springframework.security.web.authentication.AnonymousAuthenticationFilter@669513d8, org.springframework.security.web.session.SessionManagementFilter@ce5a68e, org.springframework.security.web.access.ExceptionTranslationFilter@6d8792db]

2022-12-01 11:52:49,812 INFO Initializing ExecutorService 'taskScheduler'

2022-12-01 11:52:49,833 INFO Exposing 2 endpoint(s) beneath base path '/actuator'

2022-12-01 11:52:49,934 INFO Tomcat started on port(s): 8848 (http) with context path '/nacos'

2022-12-01 11:52:49,937 INFO Started Nacos in 7.482 seconds (JVM running for 8.176)

2022-12-01 11:52:49,937 INFO Nacos started successfully in stand alone mode. use embedded storage

2022-12-01 12:02:42,107 INFO Initializing Spring DispatcherServlet 'dispatcherServlet'

2022-12-01 12:02:42,107 INFO Initializing Servlet 'dispatcherServlet'

2022-12-01 12:02:42,119 INFO Completed initialization in 11 ms

2022-12-01 12:02:48,819 INFO [capacityManagement] start correct usage

2022-12-01 12:02:48,853 INFO [capacityManagement] end correct usage, cost: 0s

2022-12-01 12:02:49,006 WARN clearConfigHistory start

2022-12-01 12:12:48,856 INFO [capacityManagement] start correct usage

2022-12-01 12:12:48,856 INFO [capacityManagement] end correct usage, cost: 0s

2022-12-01 12:12:49,012 WARN clearConfigHistory start

2022-12-01 12:22:48,862 INFO [capacityManagement] start correct usage

2022-12-01 12:22:48,863 INFO [capacityManagement] end correct usage, cost: 0s

2022-12-01 12:22:49,017 WARN clearConfigHistory start

2022-12-01 12:32:48,875 INFO [capacityManagement] start correct usage

2022-12-01 12:32:48,875 INFO [capacityManagement] end correct usage, cost: 0s

2022-12-01 12:32:49,030 WARN clearConfigHistory start

2022-12-01 12:42:48,878 INFO [capacityManagement] start correct usage

2022-12-01 12:42:48,878 INFO [capacityManagement] end correct usage, cost: 0s

2022-12-01 12:42:49,031 WARN clearConfigHistory start

2022-12-01 12:52:48,886 INFO [capacityManagement] start correct usage

2022-12-01 12:52:48,887 INFO [capacityManagement] end correct usage, cost: 0s

2022-12-01 12:52:49,040 WARN clearConfigHistory start

2022-12-01 13:02:48,892 INFO [capacityManagement] start correct usage

2022-12-01 13:02:48,892 INFO [capacityManagement] end correct usage, cost: 0s

2022-12-01 13:02:49,046 WARN clearConfigHistory start

2022-12-01 13:12:48,894 INFO [capacityManagement] start correct usage

2022-12-01 13:12:48,895 INFO [capacityManagement] end correct usage, cost: 0s

2022-12-01 13:12:49,049 WARN clearConfigHistory start

2022-12-01 13:22:48,908 INFO [capacityManagement] start correct usage

2022-12-01 13:22:48,908 INFO [capacityManagement] end correct usage, cost: 0s

2022-12-01 13:22:49,062 WARN clearConfigHistory start

