2022-12-01 11:52:47,996 INFO raft peers changed: [Member{ip='192.168.1.4', port=8848, state=UP, extendInfo={raftPort=7848}}]

2022-12-01 11:52:48,015 INFO initializing Raft sub-system

2022-12-01 11:52:48,115 INFO finish loading all datums, size: 4 cost 100 ms.

2022-12-01 11:52:48,117 INFO cache loaded, datum count: 4, current term: 0

2022-12-01 11:52:48,117 INFO finish to load data from disk, cost: 102 ms.

2022-12-01 11:52:48,119 INFO timer started: leader timeout ms: 15000, heart-beat timeout ms: 5000

2022-12-01 11:52:48,519 INFO add listener: com.alibaba.nacos.naming.domains.meta.00-00---000-NACOS_SWITCH_DOMAIN-000---00-00

2022-12-01 11:52:48,533 INFO add listener: com.alibaba.nacos.naming.domains.meta.

2022-12-01 11:52:48,533 INFO [RAFT-NOTIFIER] datum is changed, key: com.alibaba.nacos.naming.domains.meta.c5a5ab01-cf4f-4a94-9a39-ac3773fa8b54##DEFAULT_GROUP@@borrow-service, value: Service{name='DEFAULT_GROUP@@borrow-service', protectThreshold=0.0, appName='null', groupName='DEFAULT_GROUP', metadata={}}

2022-12-01 11:52:48,534 INFO add listener: com.alibaba.nacos.naming.iplist.c5a5ab01-cf4f-4a94-9a39-ac3773fa8b54##DEFAULT_GROUP@@borrow-service

2022-12-01 11:52:48,783 INFO [RAFT-NOTIFIER] datum is changed, key: com.alibaba.nacos.naming.domains.meta.public##DEFAULT_GROUP@@borrow-service, value: Service{name='DEFAULT_GROUP@@borrow-service', protectThreshold=0.0, appName='null', groupName='DEFAULT_GROUP', metadata={}}

2022-12-01 11:52:48,785 INFO add listener: com.alibaba.nacos.naming.iplist.public##DEFAULT_GROUP@@borrow-service

2022-12-01 11:52:49,026 INFO [RAFT-NOTIFIER] datum is changed, key: com.alibaba.nacos.naming.domains.meta.c5a5ab01-cf4f-4a94-9a39-ac3773fa8b54##DEFAULT_GROUP@@borrow-service, value: Service{name='DEFAULT_GROUP@@borrow-service', protectThreshold=0.0, appName='null', groupName='DEFAULT_GROUP', metadata={}}

2022-12-01 11:52:49,027 INFO add listener: com.alibaba.nacos.naming.iplist.c5a5ab01-cf4f-4a94-9a39-ac3773fa8b54##DEFAULT_GROUP@@borrow-service

2022-12-01 11:52:49,028 INFO [RAFT-NOTIFIER] datum is changed, key: com.alibaba.nacos.naming.domains.meta.public##DEFAULT_GROUP@@borrow-service, value: Service{name='DEFAULT_GROUP@@borrow-service', protectThreshold=0.0, appName='null', groupName='DEFAULT_GROUP', metadata={}}

2022-12-01 11:52:49,028 INFO add listener: com.alibaba.nacos.naming.iplist.public##DEFAULT_GROUP@@borrow-service

2022-12-01 11:52:52,998 WARN start to close old raft protocol!!!

2022-12-01 11:52:52,998 WARN stop old raft protocol task for notifier

2022-12-01 11:52:52,998 WARN stop old raft protocol task for master task

2022-12-01 11:52:52,998 WARN stop old raft protocol task for heartbeat task

2022-12-01 11:52:52,998 WARN clean old cache datum for old raft

2022-12-01 11:52:52,998 WARN start to close old raft protocol!!!

2022-12-01 11:52:52,998 WARN stop old raft protocol task for notifier

2022-12-01 11:52:52,998 WARN stop old raft protocol task for master task

2022-12-01 11:52:52,998 WARN stop old raft protocol task for heartbeat task

2022-12-01 11:52:52,998 WARN clean old cache datum for old raft

2022-12-01 11:52:52,998 WARN start to move old raft protocol metadata

2022-12-01 11:52:53,000 WARN start to move old raft protocol metadata

2022-12-01 11:52:53,000 INFO raft peers changed: [Member{ip='192.168.1.4', port=8848, state=UP, extendInfo={lastRefreshTime=1669866772999, raftPort=7848, version=1.4.3}}]

