2022-11-30 11:54:28,301 INFO PERFORMANCE:|0|0|-1|-1

2022-11-30 11:59:28,305 INFO PERFORMANCE:|2|2|-1|-1

2022-11-30 12:04:28,315 INFO PERFORMANCE:|3|3|-1|-1

2022-11-30 12:09:28,322 INFO PERFORMANCE:|3|3|-1|-1

2022-11-30 12:14:28,334 INFO PERFORMANCE:|3|3|-1|-1

2022-11-30 12:19:28,348 INFO PERFORMANCE:|3|3|-1|-1

2022-11-30 12:24:28,350 INFO PERFORMANCE:|3|1|3|3

2022-11-30 12:29:28,353 INFO PERFORMANCE:|3|3|-1|-1

2022-11-30 12:34:28,355 INFO PERFORMANCE:|3|1|4|4

2022-11-30 12:39:28,367 INFO PERFORMANCE:|3|5|-1|-1

2022-11-30 12:44:28,376 INFO PERFORMANCE:|3|5|-1|-1

2022-11-30 12:49:28,385 INFO PERFORMANCE:|3|5|-1|-1

2022-11-30 12:54:28,396 INFO PERFORMANCE:|3|5|3|2

2022-11-30 12:59:28,410 INFO PERFORMANCE:|3|5|-1|-1

2022-11-30 13:04:28,415 INFO PERFORMANCE:|3|5|-1|-1

2022-11-30 13:09:28,429 INFO PERFORMANCE:|3|5|-1|-1

2022-11-30 13:14:28,431 INFO PERFORMANCE:|3|5|-1|-1

2022-11-30 13:19:28,434 INFO PERFORMANCE:|3|5|-1|-1

2022-11-30 13:24:28,439 INFO PERFORMANCE:|3|5|-1|-1

2022-11-30 13:29:46,989 INFO PERFORMANCE:|3|5|-1|-1

2022-11-30 13:34:46,996 INFO PERFORMANCE:|3|1|-1|-1

2022-11-30 13:38:43,614 INFO PERFORMANCE:|3|6|3|2

2022-11-30 13:43:43,620 INFO PERFORMANCE:|3|6|-1|-1

2022-11-30 13:48:43,629 INFO PERFORMANCE:|3|6|-1|-1

2022-11-30 13:53:43,640 INFO PERFORMANCE:|3|6|-1|-1

2022-11-30 13:58:43,649 INFO PERFORMANCE:|3|4|6|2

2022-11-30 14:03:43,660 INFO PERFORMANCE:|3|6|-1|-1

2022-11-30 14:08:43,668 INFO PERFORMANCE:|4|7|2|1

2022-11-30 14:13:43,671 INFO PERFORMANCE:|4|7|-1|-1

2022-11-30 14:18:43,675 INFO PERFORMANCE:|4|7|-1|-1

2022-11-30 14:23:43,676 INFO PERFORMANCE:|4|7|-1|-1

2022-11-30 14:28:43,686 INFO PERFORMANCE:|4|7|-1|-1

2022-11-30 14:33:43,694 INFO PERFORMANCE:|4|7|-1|-1

2022-11-30 14:38:43,695 INFO PERFORMANCE:|4|7|-1|-1

2022-11-30 14:43:43,702 INFO PERFORMANCE:|4|7|-1|-1

2022-11-30 14:48:43,710 INFO PERFORMANCE:|4|7|-1|-1

2022-11-30 14:53:43,722 INFO PERFORMANCE:|4|7|-1|-1

2022-11-30 14:58:43,728 INFO PERFORMANCE:|4|7|-1|-1

2022-11-30 15:03:43,732 INFO PERFORMANCE:|4|7|-1|-1

2022-11-30 15:08:43,743 INFO PERFORMANCE:|4|7|-1|-1

2022-11-30 15:13:43,756 INFO PERFORMANCE:|4|7|-1|-1

2022-11-30 15:18:43,766 INFO PERFORMANCE:|4|7|-1|-1

2022-11-30 15:23:43,768 INFO PERFORMANCE:|4|3|8|6

